TN:
SF:script/Counter.s.sol
FN:7,CounterScript.setUp
FNDA:0,CounterScript.setUp
FN:9,CounterScript.run
FNDA:0,CounterScript.run
DA:10,0
FNF:2
FNH:0
LF:1
LH:0
BRF:0
BRH:0
end_of_record
TN:
SF:src/ExecutionDelegate.sol
FN:13,ExecutionDelegate.approveContract
FNDA:0,ExecutionDelegate.approveContract
FN:14,ExecutionDelegate.denyContract
FNDA:0,ExecutionDelegate.denyContract
FN:15,ExecutionDelegate.revokeApproval
FNDA:0,ExecutionDelegate.revokeApproval
FN:16,ExecutionDelegate.grantApproval
FNDA:0,ExecutionDelegate.grantApproval
FN:18,ExecutionDelegate.transferERC721Unsafe
FNDA:0,ExecutionDelegate.transferERC721Unsafe
FN:20,ExecutionDelegate.transferERC721
FNDA:0,ExecutionDelegate.transferERC721
FN:22,ExecutionDelegate.transferERC1155
FNDA:0,ExecutionDelegate.transferERC1155
FN:23,ExecutionDelegate.transferERC20
FNDA:0,ExecutionDelegate.transferERC20
FNF:8
FNH:0
LF:0
LH:0
BRF:0
BRH:0
end_of_record
TN:
SF:src/PolicyManager.sol
FN:19,PolicyManager.blacklistContract
FNDA:1,PolicyManager.blacklistContract
DA:20,1
BRDA:20,0,0,-
BRDA:20,0,1,1
DA:21,1
FN:24,PolicyManager.addToken
FNDA:0,PolicyManager.addToken
DA:25,0
BRDA:25,1,0,-
BRDA:25,1,1,-
DA:26,0
FN:29,PolicyManager.isContractBlacklisted
FNDA:22,PolicyManager.isContractBlacklisted
DA:30,22
FN:33,PolicyManager.isTokenAllowed
FNDA:18,PolicyManager.isTokenAllowed
DA:34,18
FN:37,PolicyManager.viewBlacklistedContracts
FNDA:0,PolicyManager.viewBlacklistedContracts
DA:38,0
DA:39,0
DA:40,0
DA:41,0
DA:43,0
FN:46,PolicyManager.viewAllowedTokens
FNDA:0,PolicyManager.viewAllowedTokens
DA:47,0
DA:48,0
DA:49,0
DA:50,0
DA:52,0
FNF:6
FNH:3
LF:16
LH:4
BRF:4
BRH:1
end_of_record
TN:
SF:src/SwapSpot.sol
FN:67,SwapSpot.initialize
FNDA:1,SwapSpot.initialize
DA:68,0
DA:69,0
DA:70,0
DA:71,0
DA:72,0
DA:73,0
DA:74,0
FN:77,SwapSpot._authorizeUpgrade
FNDA:0,SwapSpot._authorizeUpgrade
FN:83,SwapSpot.changeTradingState
FNDA:4,SwapSpot.changeTradingState
DA:84,3
FN:87,SwapSpot.setExecutionDelegate
FNDA:2,SwapSpot.setExecutionDelegate
DA:88,1
FN:91,SwapSpot.setPolicyManager
FNDA:2,SwapSpot.setPolicyManager
DA:92,1
FN:98,SwapSpot._setStorageOffers
FNDA:16,SwapSpot._setStorageOffers
DA:99,16
DA:100,16
DA:101,16
DA:102,16
FN:104,SwapSpot.listOffer
FNDA:30,SwapSpot.listOffer
DA:105,29
BRDA:105,0,0,1
BRDA:105,0,1,28
DA:106,28
BRDA:106,1,0,1
BRDA:106,1,1,27
DA:108,27
DA:109,27
BRDA:109,2,0,12
BRDA:109,2,1,15
DA:111,15
DA:113,15
FN:116,SwapSpot.makeOffer
FNDA:8,SwapSpot.makeOffer
DA:117,8
BRDA:117,3,0,1
BRDA:117,3,1,7
DA:118,7
BRDA:118,4,0,1
BRDA:118,4,1,6
DA:119,6
BRDA:119,5,0,1
BRDA:119,5,1,5
DA:120,5
BRDA:120,6,0,1
BRDA:120,6,1,4
DA:122,4
DA:123,4
DA:124,4
BRDA:124,7,0,1
BRDA:124,7,1,3
DA:125,3
BRDA:125,8,0,1
BRDA:125,8,1,2
DA:126,2
BRDA:126,9,0,1
BRDA:126,9,1,1
DA:128,1
DA:131,1
DA:132,1
BRDA:132,10,0,-
BRDA:132,10,1,1
DA:134,1
FN:137,SwapSpot.acceptOffer
FNDA:0,SwapSpot.acceptOffer
FN:139,SwapSpot._validateOfferParameters
FNDA:30,SwapSpot._validateOfferParameters
DA:144,30
FN:156,SwapSpot._validateCollections
FNDA:19,SwapSpot._validateCollections
DA:157,19
DA:158,22
BRDA:158,11,0,1
BRDA:158,11,1,21
DA:160,18
FN:163,SwapSpot._validatePaymentToken
FNDA:18,SwapSpot._validatePaymentToken
DA:164,18
FN:171,SwapSpot._canSettleOffer
FNDA:25,SwapSpot._canSettleOffer
DA:176,25
FN:183,SwapSpot._validateMatchingId
FNDA:5,SwapSpot._validateMatchingId
DA:184,5
DA:186,5
DA:187,5
DA:189,5
FN:198,SwapSpot.cancelOffer
FNDA:5,SwapSpot.cancelOffer
DA:199,7
BRDA:199,12,0,1
BRDA:199,12,1,6
DA:201,6
DA:203,6
BRDA:203,13,0,1
BRDA:203,13,1,5
DA:204,5
DA:206,5
FN:211,SwapSpot.cancelOffers
FNDA:1,SwapSpot.cancelOffers
DA:212,1
DA:213,2
FN:220,SwapSpot._hashOffer
FNDA:51,SwapSpot._hashOffer
DA:221,51
FNF:17
FNH:15
LF:51
LH:44
BRF:28
BRH:27
end_of_record
TN:
SF:src/mock/mockERC1155.sol
FN:9,mockERC1155.mint
FNDA:0,mockERC1155.mint
DA:10,0
FNF:1
FNH:0
LF:1
LH:0
BRF:0
BRH:0
end_of_record
TN:
SF:src/mock/mockERC20.sol
FN:9,mockERC20.mint
FNDA:0,mockERC20.mint
DA:10,0
FN:13,mockERC20.burnFrom
FNDA:0,mockERC20.burnFrom
DA:14,0
FNF:2
FNH:0
LF:2
LH:0
BRF:0
BRH:0
end_of_record
TN:
SF:src/mock/mockERC721.sol
FN:11,mockERC721.mint
FNDA:0,mockERC721.mint
DA:12,0
DA:13,0
DA:14,0
FNF:1
FNH:0
LF:3
LH:0
BRF:0
BRH:0
end_of_record
TN:
SF:test/utils/LibRLP.sol
FN:10,LibRLP.computeAddress
FNDA:0,LibRLP.computeAddress
DA:13,0
BRDA:13,0,0,-
BRDA:13,0,1,-
DA:14,0
BRDA:14,1,0,-
BRDA:14,1,1,-
DA:17,0
BRDA:17,2,0,-
BRDA:17,2,1,-
DA:18,0
BRDA:18,3,0,-
BRDA:18,3,1,-
DA:19,0
BRDA:19,4,0,-
BRDA:19,4,1,-
DA:26,0
FNF:1
FNH:0
LF:6
LH:0
BRF:10
BRH:0
end_of_record
TN:
SF:test/utils/Utilities.sol
FN:13,Utilities.getNextUserAddress
FNDA:0,Utilities.getNextUserAddress
DA:15,0
DA:16,0
DA:17,0
FN:21,Utilities.createUsers
FNDA:0,Utilities.createUsers
DA:22,0
DA:23,0
DA:24,0
DA:25,0
DA:26,0
DA:28,0
FN:32,Utilities.mineBlocks
FNDA:0,Utilities.mineBlocks
DA:33,0
DA:34,0
FN:37,Utilities.predictContractAddress
FNDA:0,Utilities.predictContractAddress
DA:38,0
FNF:4
FNH:0
LF:12
LH:0
BRF:0
BRH:0
end_of_record
