TN:
SF:script/Counter.s.sol
FN:7,CounterScript.setUp
FNDA:0,CounterScript.setUp
FN:9,CounterScript.run
FNDA:0,CounterScript.run
DA:10,0
FNF:2
FNH:0
LF:1
LH:0
BRF:0
BRH:0
end_of_record
TN:
SF:src/ExecutionDelegate.sol
FN:13,ExecutionDelegate.approveContract
FNDA:0,ExecutionDelegate.approveContract
FN:14,ExecutionDelegate.denyContract
FNDA:0,ExecutionDelegate.denyContract
FN:15,ExecutionDelegate.revokeApproval
FNDA:0,ExecutionDelegate.revokeApproval
FN:16,ExecutionDelegate.grantApproval
FNDA:0,ExecutionDelegate.grantApproval
FN:18,ExecutionDelegate.transferERC721Unsafe
FNDA:0,ExecutionDelegate.transferERC721Unsafe
FN:20,ExecutionDelegate.transferERC721
FNDA:0,ExecutionDelegate.transferERC721
FN:22,ExecutionDelegate.transferERC1155
FNDA:0,ExecutionDelegate.transferERC1155
FN:23,ExecutionDelegate.transferERC20
FNDA:0,ExecutionDelegate.transferERC20
FNF:8
FNH:0
LF:0
LH:0
BRF:0
BRH:0
end_of_record
TN:
SF:src/PolicyManager.sol
FN:19,PolicyManager.blacklistContract
FNDA:1,PolicyManager.blacklistContract
DA:20,1
BRDA:20,0,0,-
BRDA:20,0,1,1
DA:21,1
FN:24,PolicyManager.addToken
FNDA:0,PolicyManager.addToken
DA:25,0
BRDA:25,1,0,-
BRDA:25,1,1,-
DA:26,0
FN:29,PolicyManager.isContractBlacklisted
FNDA:6,PolicyManager.isContractBlacklisted
DA:30,6
FN:33,PolicyManager.isTokenAllowed
FNDA:2,PolicyManager.isTokenAllowed
DA:34,2
FN:37,PolicyManager.viewBlacklistedContracts
FNDA:0,PolicyManager.viewBlacklistedContracts
DA:38,0
DA:39,0
DA:40,0
DA:41,0
DA:43,0
FN:46,PolicyManager.viewAllowedTokens
FNDA:0,PolicyManager.viewAllowedTokens
DA:47,0
DA:48,0
DA:49,0
DA:50,0
DA:52,0
FNF:6
FNH:3
LF:16
LH:4
BRF:4
BRH:1
end_of_record
TN:
SF:src/SwapSpot.sol
FN:63,SwapSpot.initialize
FNDA:1,SwapSpot.initialize
DA:64,0
DA:65,0
DA:66,0
DA:67,0
DA:68,0
DA:69,0
FN:72,SwapSpot._authorizeUpgrade
FNDA:0,SwapSpot._authorizeUpgrade
FN:78,SwapSpot.changeTradingState
FNDA:4,SwapSpot.changeTradingState
DA:79,3
FN:82,SwapSpot.setExecutionDelegate
FNDA:2,SwapSpot.setExecutionDelegate
DA:83,1
FN:86,SwapSpot.setPolicyManager
FNDA:2,SwapSpot.setPolicyManager
DA:87,1
FN:93,SwapSpot.listOffer
FNDA:16,SwapSpot.listOffer
DA:94,15
BRDA:94,0,0,1
BRDA:94,0,1,14
DA:95,14
BRDA:95,1,0,1
BRDA:95,1,1,13
DA:97,13
DA:98,13
BRDA:98,2,0,12
BRDA:98,2,1,1
DA:100,1
DA:101,1
DA:102,1
DA:103,1
FN:106,SwapSpot.makeOffer
FNDA:0,SwapSpot.makeOffer
FN:108,SwapSpot.acceptOffer
FNDA:0,SwapSpot.acceptOffer
FN:110,SwapSpot._validateOfferParameters
FNDA:13,SwapSpot._validateOfferParameters
DA:115,13
FN:127,SwapSpot._validateCollections
FNDA:3,SwapSpot._validateCollections
DA:128,3
DA:129,6
BRDA:129,3,0,1
BRDA:129,3,1,5
DA:131,2
FN:134,SwapSpot._validatePaymentToken
FNDA:2,SwapSpot._validatePaymentToken
DA:135,2
FN:142,SwapSpot._canSettleOffer
FNDA:7,SwapSpot._canSettleOffer
DA:147,7
FN:156,SwapSpot.cancelOffer
FNDA:0,SwapSpot.cancelOffer
DA:157,0
BRDA:157,4,0,-
BRDA:157,4,1,-
DA:159,0
DA:161,0
BRDA:161,5,0,-
BRDA:161,5,1,-
DA:162,0
DA:164,0
FN:169,SwapSpot.cancelOffers
FNDA:0,SwapSpot.cancelOffers
DA:170,0
DA:171,0
FN:178,SwapSpot._hashOffer
FNDA:13,SwapSpot._hashOffer
DA:179,13
FNF:15
FNH:10
LF:31
LH:18
BRF:12
BRH:8
end_of_record
TN:
SF:src/mock/mockERC1155.sol
FN:9,mockERC1155.mint
FNDA:0,mockERC1155.mint
DA:10,0
FNF:1
FNH:0
LF:1
LH:0
BRF:0
BRH:0
end_of_record
TN:
SF:src/mock/mockERC20.sol
FN:9,mockERC20.mint
FNDA:0,mockERC20.mint
DA:10,0
FN:13,mockERC20.burnFrom
FNDA:0,mockERC20.burnFrom
DA:14,0
FNF:2
FNH:0
LF:2
LH:0
BRF:0
BRH:0
end_of_record
TN:
SF:src/mock/mockERC721.sol
FN:11,mockERC721.mint
FNDA:0,mockERC721.mint
DA:12,0
DA:13,0
DA:14,0
FNF:1
FNH:0
LF:3
LH:0
BRF:0
BRH:0
end_of_record
TN:
SF:test/utils/LibRLP.sol
FN:10,LibRLP.computeAddress
FNDA:0,LibRLP.computeAddress
DA:13,0
BRDA:13,0,0,-
BRDA:13,0,1,-
DA:14,0
BRDA:14,1,0,-
BRDA:14,1,1,-
DA:17,0
BRDA:17,2,0,-
BRDA:17,2,1,-
DA:18,0
BRDA:18,3,0,-
BRDA:18,3,1,-
DA:19,0
BRDA:19,4,0,-
BRDA:19,4,1,-
DA:26,0
FNF:1
FNH:0
LF:6
LH:0
BRF:10
BRH:0
end_of_record
TN:
SF:test/utils/Utilities.sol
FN:13,Utilities.getNextUserAddress
FNDA:0,Utilities.getNextUserAddress
DA:15,0
DA:16,0
DA:17,0
FN:21,Utilities.createUsers
FNDA:0,Utilities.createUsers
DA:22,0
DA:23,0
DA:24,0
DA:25,0
DA:26,0
DA:28,0
FN:32,Utilities.mineBlocks
FNDA:0,Utilities.mineBlocks
DA:33,0
DA:34,0
FN:37,Utilities.predictContractAddress
FNDA:0,Utilities.predictContractAddress
DA:38,0
FNF:4
FNH:0
LF:12
LH:0
BRF:0
BRH:0
end_of_record
